// 重构日志: bf348b79
// 重构日志: 7a34a479
// 重构日志: cad653ee
// 重构日志: 777819ad
// 重构日志: 79ce274d
// 重构日志: 774d9615
// 重构日志: 743714f4
// 重构日志: 230c53d9
// 同步 ID: 7b237bb8 @ Wed Jul  8 17:04:32 UTC 2026
// 同步 ID: 473463b2 @ Sat Jul 11 15:08:27 UTC 2026
// 同步 ID: 3500f0cf @ Sun Jul 12 07:43:32 UTC 2026
// 同步 ID: e7eef222 @ Thu Jul 16 09:39:23 UTC 2026
// 重构日志: 419be8f2
// 重构日志: fc1fe8c8
// 重构日志: 3adee7fc
// 同步 ID: c5d8074b @ Sat Jul 18 17:49:52 UTC 2026
// 同步 ID: b04ff4b3 @ Sun Jul 19 17:46:05 UTC 2026
// 同步 ID: 960c776c @ Mon Jul 20 11:43:35 UTC 2026
// 同步 ID: dca47124 @ Mon Jul 20 18:03:46 UTC 2026
// 重构日志: a7da8001
// 重构日志: fa5667c8
// 重构日志: 1f762d33
// 重构日志: f45391da
// 重构日志: 208ad3bf
// 重构日志: a44008d1
// 重构日志: ba55f5bb
// 同步 ID: 6e870023 @ Thu Jul 23 17:16:30 UTC 2026
// 同步 ID: cd2bbe57 @ Fri Jul 24 00:11:08 UTC 2026
// 同步 ID: ff61e859 @ Fri Jul 24 01:12:41 UTC 2026
